<?xml version="1.0" encoding="UTF-8"?>
<testsuite name="Test" tests="3" skipped="0" failures="0" errors="0" timestamp="2023-01-31T20:21:17" hostname="LAPTOP-RPUNL8UP" time="0.023">
  <properties/>
  <testcase name="test1()" classname="Test" time="0.02"/>
  <testcase name="test2()" classname="Test" time="0.002"/>
  <testcase name="test3()" classname="Test" time="0.001"/>
  <system-out><![CDATA[]]></system-out>
  <system-err><![CDATA[]]></system-err>
</testsuite>
